# JRE version: OpenJDK Runtime Environment Corretto-17.0.6.10.1 (17.0.6+10) (build 17.0.6+10-LTS)
# Java VM: OpenJDK 64-Bit Server VM Corretto-17.0.6.10.1 (17.0.6+10-LTS, mixed mode, emulated-client, sharing, tiered, compressed oops, compressed class ptrs, g1 gc, windows-amd64)
GC Precious Log:
 CPUs: 4 total, 4 available
 Memory: 16272M
 Large Page Support: Disabled
 NUMA Support: Disabled
 Compressed Oops: Enabled (Zero based)
 Heap Region Size: 2M
 Heap Min Capacity: 8M
 Heap Initial Capacity: 256M
 Heap Max Capacity: 4070M
 Pre-touch: Disabled
 Parallel Workers: 4
 Concurrent Workers: 1
 Concurrent Refinement Workers: 4
 Periodic GC: Disabled
Heap:
 garbage-first heap   total 61440K, used 18733K [0x0000000701a00000, 0x0000000800000000)
  region size 2048K, 2 young (4096K), 2 survivors (4096K)
 Metaspace       used 35505K, committed 35968K, reserved 1081344K
  class space    used 4911K, committed 5120K, reserved 1048576K
GC Heap History (13 events):
Event: 0.994 GC heap before
{Heap before GC invocations=0 (full 0):
 garbage-first heap   total 262144K, used 12288K [0x0000000701a00000, 0x0000000800000000)
  region size 2048K, 6 young (12288K), 0 survivors (0K)
 Metaspace       used 4890K, committed 4992K, reserved 1056768K
  class space    used 583K, committed 640K, reserved 1048576K
}
Event: 1.002 GC heap after
{Heap after GC invocations=1 (full 0):
 garbage-first heap   total 262144K, used 6237K [0x0000000701a00000, 0x0000000800000000)
  region size 2048K, 1 young (2048K), 1 survivors (2048K)
 Metaspace       used 4890K, committed 4992K, reserved 1056768K
  class space    used 583K, committed 640K, reserved 1048576K
}
Event: 1.371 GC heap before
{Heap before GC invocations=1 (full 0):
 garbage-first heap   total 262144K, used 16477K [0x0000000701a00000, 0x0000000800000000)
  region size 2048K, 6 young (12288K), 1 survivors (2048K)
 Metaspace       used 7719K, committed 7936K, reserved 1056768K
  class space    used 984K, committed 1088K, reserved 1048576K
}
Event: 1.375 GC heap after
{Heap after GC invocations=2 (full 0):
 garbage-first heap   total 262144K, used 7838K [0x0000000701a00000, 0x0000000800000000)
  region size 2048K, 1 young (2048K), 1 survivors (2048K)
 Metaspace       used 7719K, committed 7936K, reserved 1056768K
  class space    used 984K, committed 1088K, reserved 1048576K
}
Event: 2.009 GC heap before
{Heap before GC invocations=2 (full 0):
 garbage-first heap   total 262144K, used 26270K [0x0000000701a00000, 0x0000000800000000)
  region size 2048K, 11 young (22528K), 1 survivors (2048K)
 Metaspace       used 12268K, committed 12544K, reserved 1064960K
  class space    used 1646K, committed 1728K, reserved 1048576K
}
Event: 2.014 GC heap after
{Heap after GC invocations=3 (full 0):
 garbage-first heap   total 262144K, used 9433K [0x0000000701a00000, 0x0000000800000000)
  region size 2048K, 2 young (4096K), 2 survivors (4096K)
 Metaspace       used 12268K, committed 12544K, reserved 1064960K
  class space    used 1646K, committed 1728K, reserved 1048576K
}
Event: 3.951 GC heap before
{Heap before GC invocations=3 (full 0):
 garbage-first heap   total 262144K, used 66777K [0x0000000701a00000, 0x0000000800000000)
  region size 2048K, 31 young (63488K), 2 survivors (4096K)
 Metaspace       used 21238K, committed 21504K, reserved 1073152K
  class space    used 2880K, committed 3008K, reserved 1048576K
}
Event: 3.976 GC heap after
{Heap after GC invocations=4 (full 0):
 garbage-first heap   total 262144K, used 13183K [0x0000000701a00000, 0x0000000800000000)
  region size 2048K, 4 young (8192K), 4 survivors (8192K)
 Metaspace       used 21238K, committed 21504K, reserved 1073152K
  class space    used 2880K, committed 3008K, reserved 1048576K
}
Event: 5.665 GC heap before
{Heap before GC invocations=5 (full 0):
 garbage-first heap   total 61440K, used 43903K [0x0000000701a00000, 0x0000000800000000)
  region size 2048K, 20 young (40960K), 4 survivors (8192K)
 Metaspace       used 26590K, committed 26944K, reserved 1073152K
  class space    used 3668K, committed 3840K, reserved 1048576K
}
Event: 5.684 GC heap after
{Heap after GC invocations=6 (full 0):
 garbage-first heap   total 61440K, used 16352K [0x0000000701a00000, 0x0000000800000000)
  region size 2048K, 5 young (10240K), 5 survivors (10240K)
 Metaspace       used 26590K, committed 26944K, reserved 1073152K
  class space    used 3668K, committed 3840K, reserved 1048576K
}
Event: 6.587 GC heap before
{Heap before GC invocations=6 (full 0):
 garbage-first heap   total 61440K, used 40928K [0x0000000701a00000, 0x0000000800000000)
  region size 2048K, 17 young (34816K), 5 survivors (10240K)
 Metaspace       used 31460K, committed 31872K, reserved 1081344K
  class space    used 4418K, committed 4608K, reserved 1048576K
}
Event: 6.605 GC heap after
{Heap after GC invocations=7 (full 0):
 garbage-first heap   total 61440K, used 17965K [0x0000000701a00000, 0x0000000800000000)
  region size 2048K, 1 young (2048K), 1 survivors (2048K)
 Metaspace       used 31460K, committed 31872K, reserved 1081344K
  class space    used 4418K, committed 4608K, reserved 1048576K
}
Event: 7.364 GC heap before
{Heap before GC invocations=7 (full 0):
 garbage-first heap   total 61440K, used 28205K [0x0000000701a00000, 0x0000000800000000)
  region size 2048K, 8 young (16384K), 1 survivors (2048K)
 Metaspace       used 35505K, committed 35968K, reserved 1081344K
  class space    used 4911K, committed 5120K, reserved 1048576K
}

